[1122/220801.865:ERROR:process_reader_win.cc(151)] SuspendThread: Access is denied. (0x5)
[1123/121846.235:ERROR:directory_reader_win.cc(43)] FindFirstFile: The system cannot find the path specified. (0x3)
[1123/123229.358:ERROR:process_reader_win.cc(151)] SuspendThread: Access is denied. (0x5)
[1123/125851.529:ERROR:directory_reader_win.cc(43)] FindFirstFile: The system cannot find the path specified. (0x3)
[1123/131315.038:ERROR:process_reader_win.cc(151)] SuspendThread: Access is denied. (0x5)
[1123/132507.854:ERROR:directory_reader_win.cc(43)] FindFirstFile: The system cannot find the path specified. (0x3)
[1123/140848.486:ERROR:process_reader_win.cc(151)] SuspendThread: Access is denied. (0x5)
[1123/141050.672:ERROR:process_reader_win.cc(151)] SuspendThread: Access is denied. (0x5)
[1123/142135.679:ERROR:directory_reader_win.cc(43)] FindFirstFile: The system cannot find the path specified. (0x3)
[1123/143603.226:ERROR:directory_reader_win.cc(43)] FindFirstFile: The system cannot find the path specified. (0x3)
[1123/153256.842:ERROR:process_reader_win.cc(151)] SuspendThread: Access is denied. (0x5)
[1123/182825.788:ERROR:file_io_win.cc(162)] CreateFile C:\Users\littl\AppData\Local\Temp\puppeteer_dev_chrome_profile-JCrpXu\Crashpad\settings.dat: The system cannot find the path specified. (0x3)
[1123/182825.788:ERROR:file_io_win.cc(171)] CreateFile C:\Users\littl\AppData\Local\Temp\puppeteer_dev_chrome_profile-JCrpXu\Crashpad\reports\ac444ed6-d0c6-41ff-b06b-8c8a11eebd18.dmp: The system cannot find the path specified. (0x3)
[1123/182825.789:ERROR:crash_report_exception_handler.cc(99)] PrepareNewCrashReport failed
[1123/182940.678:ERROR:process_reader_win.cc(151)] SuspendThread: Access is denied. (0x5)
[1123/183951.103:ERROR:directory_reader_win.cc(43)] FindFirstFile: The system cannot find the path specified. (0x3)
[1123/193112.382:ERROR:directory_reader_win.cc(43)] FindFirstFile: The system cannot find the path specified. (0x3)
[1123/204617.752:ERROR:file_io_win.cc(162)] CreateFile C:\Users\littl\AppData\Local\Temp\puppeteer_dev_chrome_profile-fOHA2I\Crashpad\settings.dat: The system cannot find the path specified. (0x3)
[1123/204617.753:ERROR:file_io_win.cc(171)] CreateFile C:\Users\littl\AppData\Local\Temp\puppeteer_dev_chrome_profile-fOHA2I\Crashpad\reports\a86f9717-a8a4-4a33-b66c-e0004497133f.dmp: The system cannot find the path specified. (0x3)
[1123/204617.753:ERROR:crash_report_exception_handler.cc(99)] PrepareNewCrashReport failed
[1123/212045.777:ERROR:directory_reader_win.cc(43)] FindFirstFile: The system cannot find the path specified. (0x3)
[1123/213514.903:ERROR:process_reader_win.cc(151)] SuspendThread: Access is denied. (0x5)
[1123/214536.614:ERROR:directory_reader_win.cc(43)] FindFirstFile: The system cannot find the path specified. (0x3)
[1123/220822.233:ERROR:directory_reader_win.cc(43)] FindFirstFile: The system cannot find the path specified. (0x3)
[1123/230559.082:ERROR:process_reader_win.cc(151)] SuspendThread: Access is denied. (0x5)
[1123/231614.236:ERROR:directory_reader_win.cc(43)] FindFirstFile: The system cannot find the path specified. (0x3)
[1124/000608.469:ERROR:process_reader_win.cc(151)] SuspendThread: Access is denied. (0x5)
[1124/001835.762:ERROR:directory_reader_win.cc(43)] FindFirstFile: The system cannot find the path specified. (0x3)
[1124/230050.317:ERROR:directory_reader_win.cc(43)] FindFirstFile: The system cannot find the path specified. (0x3)
[1125/001227.316:ERROR:directory_reader_win.cc(43)] FindFirstFile: The system cannot find the path specified. (0x3)
[1125/143757.812:ERROR:directory_reader_win.cc(43)] FindFirstFile: The system cannot find the path specified. (0x3)
[1126/040640.925:ERROR:directory_reader_win.cc(43)] FindFirstFile: The system cannot find the path specified. (0x3)
[1126/163408.837:ERROR:directory_reader_win.cc(43)] FindFirstFile: The system cannot find the path specified. (0x3)
[1127/123712.081:ERROR:process_reader_win.cc(151)] SuspendThread: Access is denied. (0x5)
[1127/134241.819:ERROR:directory_reader_win.cc(43)] FindFirstFile: The system cannot find the path specified. (0x3)
[1128/144759.151:ERROR:directory_reader_win.cc(43)] FindFirstFile: The system cannot find the path specified. (0x3)
[1128/224743.266:ERROR:file_io_win.cc(162)] CreateFile C:\Users\littl\AppData\Local\Temp\puppeteer_dev_chrome_profile-qcogPz\Crashpad\settings.dat: The system cannot find the path specified. (0x3)
[1128/224743.267:ERROR:file_io_win.cc(171)] CreateFile C:\Users\littl\AppData\Local\Temp\puppeteer_dev_chrome_profile-qcogPz\Crashpad\reports\9c0da2bf-21c5-4ce6-8f27-554fd00daaaf.dmp: The system cannot find the path specified. (0x3)
[1128/224743.267:ERROR:crash_report_exception_handler.cc(99)] PrepareNewCrashReport failed
[1128/225944.190:ERROR:directory_reader_win.cc(43)] FindFirstFile: The system cannot find the path specified. (0x3)
[1129/225945.741:ERROR:directory_reader_win.cc(43)] FindFirstFile: The system cannot find the path specified. (0x3)
[1130/225947.217:ERROR:directory_reader_win.cc(43)] FindFirstFile: The system cannot find the path specified. (0x3)
[1201/143925.718:ERROR:directory_reader_win.cc(43)] FindFirstFile: The system cannot find the path specified. (0x3)
[1202/035658.755:ERROR:directory_reader_win.cc(43)] FindFirstFile: The system cannot find the path specified. (0x3)
